GET   |   /   |   Sat Feb 26 14:43:44 2022
POST   |   /post   |   Sat Feb 26 14:46:12 2022
POST   |   /post   |   Sat Feb 26 14:47:31 2022
POST   |   /post   |   Sat Feb 26 14:47:35 2022
PUT   |   /put   |   Sat Feb 26 14:48:21 2022
PUT   |   /put   |   Sat Feb 26 14:48:36 2022
DELETE   |   /delete   |   Sat Feb 26 14:49:03 2022
POST   |   /post   |   Sat Feb 26 14:51:30 2022
GET   |   /popo   |   Sat Feb 26 14:52:01 2022
PUT   |   /put   |   Sat Feb 26 14:52:17 2022
PUT   |   /put   |   Sat Feb 26 15:26:28 2022
PUT   |   /put   |   Sat Feb 26 15:27:10 2022
PUT   |   /put   |   Sat Feb 26 15:30:10 2022
PUT   |   /put   |   Sat Feb 26 15:31:16 2022
PUT   |   /put   |   Sat Feb 26 15:35:00 2022
PUT   |   /put   |   Sat Feb 26 15:35:08 2022
PUT   |   /put   |   Sat Feb 26 15:35:46 2022
PUT   |   /put   |   Sat Feb 26 15:35:56 2022
POST   |   /post   |   Sat Feb 26 15:38:09 2022
POST   |   /post   |   Sat Feb 26 15:39:35 2022
PUT   |   /put   |   Sat Feb 26 15:44:56 2022
PUT   |   /put   |   Sat Feb 26 15:45:46 2022
PUT   |   /put   |   Sat Feb 26 15:46:49 2022
PUT   |   /put   |   Sat Feb 26 16:24:54 2022
GET   |   /alita   |   Sat Feb 26 16:25:22 2022
GET   |   /popo   |   Sat Feb 26 16:25:35 2022
GET   |   /popo   |   Sat Feb 26 16:26:49 2022
GET   |   /alef   |   Sat Feb 26 16:29:49 2022
GET   |   /elize   |   Sat Feb 26 16:32:04 2022
GET   |   /popo   |   Sat Feb 26 16:48:49 2022
GET   |   /popo   |   Sat Feb 26 17:39:06 2022
GET   |   /alef   |   Sat Feb 26 17:39:22 2022
GET   |   /alef   |   Sat Feb 26 18:14:20 2022
GET   |   /popo   |   Sat Feb 26 18:14:39 2022
GET   |   /popo   |   Sat Feb 26 18:15:34 2022
GET   |   /alef   |   Sat Feb 26 18:15:41 2022
GET   |   /alef   |   Sat Feb 26 18:53:13 2022
GET   |   /alef   |   Sat Feb 26 20:28:29 2022
GET   |   /popo   |   Sat Feb 26 20:28:48 2022
POST   |   /post   |   Sat Feb 26 20:29:49 2022
PUT   |   /put   |   Sat Feb 26 20:30:16 2022
DELETE   |   /delete   |   Sat Feb 26 20:30:29 2022
POST   |   /post   |   Sat Feb 26 20:32:47 2022
POST   |   /post   |   Sat Feb 26 20:33:05 2022
GET   |   /favicon.ico   |   Sun Feb 27 02:58:29 2022
GET   |   /Olavo   |   Sun Feb 27 20:11:06 2022
GET   |   /Olavo   |   Sun Feb 27 20:11:34 2022
GET   |   /alef   |   Sun Feb 27 20:11:40 2022
GET   |   /alef   |   Sun Feb 27 20:13:38 2022
GET   |   /   |   Sun Feb 27 20:13:45 2022
POST   |   /post   |   Sun Feb 27 22:59:19 2022
POST   |   /post   |   Sun Feb 27 22:59:20 2022
POST   |   /post   |   Sun Feb 27 22:59:21 2022
GET   |   /Olavo   |   Sun Feb 27 22:59:22 2022
GET   |   /Hans-Hermann   |   Sun Feb 27 22:59:23 2022
GET   |   /   |   Sun Feb 27 23:00:10 2022
GET   |   /favicon.ico   |   Sun Feb 27 23:00:11 2022
GET   |   /Olavo   |   Sun Feb 27 23:00:20 2022
GET   |   /Olavo   |   Sun Feb 27 23:04:13 2022
GET   |   /Olavo   |   Sun Feb 27 23:04:21 2022
GET   |   /Olavo   |   Sun Feb 27 23:04:40 2022
GET   |   /alef   |   Sun Feb 27 23:04:44 2022
GET   |   /alef   |   Sun Feb 27 23:05:58 2022
GET   |   /alef   |   Sun Feb 27 23:06:00 2022
GET   |   /alef   |   Sun Feb 27 23:06:46 2022
GET   |   /   |   Sun Feb 27 23:08:48 2022
GET   |   /favicon.ico   |   Sun Feb 27 23:08:49 2022
GET   |   /alef   |   Sun Feb 27 23:08:57 2022
GET   |   /olavo   |   Sun Feb 27 23:09:14 2022
GET   |   /olavo   |   Sun Feb 27 23:10:24 2022
GET   |   /   |   Sun Feb 27 23:39:05 2022
GET   |   /alef   |   Sun Feb 27 23:39:11 2022
